\BOOKMARK [0][-]{chapter.1}{\376\377\000P\000r\000o\000j\000e\000c\000t\000\040\000s\000c\000o\000p\000e}{}% 1
\BOOKMARK [0][-]{chapter.2}{\376\377\000B\000u\000i\000l\000d\000\040\000a\000n\000d\000\040\000v\000e\000r\000i\000f\000i\000c\000a\000t\000i\000o\000n}{}% 2
\BOOKMARK [1][-]{section.2.1}{\376\377\000P\000r\000e\000r\000e\000q\000u\000i\000s\000i\000t\000e\000s}{chapter.2}% 3
\BOOKMARK [1][-]{section.2.2}{\376\377\000S\000t\000a\000n\000d\000a\000r\000d\000\040\000c\000o\000m\000m\000a\000n\000d\000s}{chapter.2}% 4
\BOOKMARK [1][-]{section.2.3}{\376\377\000R\000e\000g\000r\000e\000s\000s\000i\000o\000n\000\040\000c\000o\000v\000e\000r\000a\000g\000e}{chapter.2}% 5
\BOOKMARK [0][-]{chapter.3}{\376\377\000C\000o\000m\000m\000a\000n\000d\000\040\000l\000i\000n\000e\000\040\000u\000s\000a\000g\000e}{}% 6
\BOOKMARK [1][-]{section.3.1}{\376\377\000O\000p\000t\000i\000o\000n\000s}{chapter.3}% 7
\BOOKMARK [1][-]{section.3.2}{\376\377\000E\000x\000a\000m\000p\000l\000e}{chapter.3}% 8
\BOOKMARK [1][-]{section.3.3}{\376\377\000O\000u\000t\000p\000u\000t\000\040\000f\000o\000r\000m\000a\000t\000s}{chapter.3}% 9
\BOOKMARK [1][-]{section.3.4}{\376\377\000D\000e\000b\000u\000g\000\040\000t\000r\000a\000c\000e}{chapter.3}% 10
\BOOKMARK [0][-]{chapter.4}{\376\377\000R\000e\000q\000u\000i\000r\000e\000d\000\040\000i\000n\000p\000u\000t\000s}{}% 11
\BOOKMARK [1][-]{section.4.1}{\376\377\000C\000o\000n\000f\000i\000g\000u\000r\000a\000t\000i\000o\000n\000\040\000d\000i\000r\000e\000c\000t\000o\000r\000y}{chapter.4}% 12
\BOOKMARK [1][-]{section.4.2}{\376\377\000k\000i\000n\000e\000m\000a\000t\000i\000c\000s\000.\000y\000a\000m\000l}{chapter.4}% 13
\BOOKMARK [1][-]{section.4.3}{\376\377\000i\000n\000t\000e\000g\000r\000a\000l\000f\000a\000m\000i\000l\000i\000e\000s\000.\000y\000a\000m\000l}{chapter.4}% 14
\BOOKMARK [1][-]{section.4.4}{\376\377\000m\000a\000s\000t\000e\000r\000s\000.\000f\000i\000n\000a\000l\000\040\000a\000n\000d\000\040\000r\000e\000d\000u\000c\000t\000i\000o\000n\000\040\000f\000i\000l\000e}{chapter.4}% 15
\BOOKMARK [0][-]{chapter.5}{\376\377\000I\000n\000t\000e\000r\000n\000a\000l\000\040\000a\000r\000c\000h\000i\000t\000e\000c\000t\000u\000r\000e}{}% 16
\BOOKMARK [0][-]{chapter.6}{\376\377\000T\000r\000o\000u\000b\000l\000e\000s\000h\000o\000o\000t\000i\000n\000g}{}% 17
\BOOKMARK [1][-]{section.6.1}{\376\377\000M\000i\000s\000s\000i\000n\000g\000\040\000r\000e\000d\000u\000c\000t\000i\000o\000n\000\040\000e\000n\000t\000r\000i\000e\000s}{chapter.6}% 18
\BOOKMARK [1][-]{section.6.2}{\376\377\000P\000a\000r\000s\000e\000r\000\040\000e\000r\000r\000o\000r\000s}{chapter.6}% 19
\BOOKMARK [0][-]{chapter.7}{\376\377\000P\000r\000o\000j\000e\000c\000t\000-\000c\000o\000n\000t\000e\000x\000t\000\040\000n\000o\000t\000e\000s}{}% 20
\BOOKMARK [0][-]{chapter.8}{\376\377\000Q\000u\000i\000c\000k\000\040\000p\000r\000o\000j\000e\000c\000t\000\040\000m\000a\000p}{}% 21
\BOOKMARK [0][-]{chapter.9}{\376\377\000A\000p\000p\000e\000n\000d\000i\000x}{}% 22
\BOOKMARK [1][-]{section.9.1}{\376\377\000S\000m\000o\000k\000e\000\040\000w\000o\000r\000k\000f\000l\000o\000w}{chapter.9}% 23
